
memcpyHtoDasync:  gputime=1.0  cputime=12.0 

memcpyHtoDasync:  gputime=0.8  cputime=5.0 

memcpyHtoDasync:  gputime=0.8  cputime=6.0 

memcpyHtoDasync:  gputime=1.0  cputime=6.0 

memcpyHtoDasync:  gputime=0.9  cputime=8.0 

memcpyHtoDasync:  gputime=1.0  cputime=6.0 

memcpyHtoDasync:  gputime=66.0  cputime=79.0 

memcpyHtoDasync:  gputime=217.8  cputime=388.0 

memcpyHtoDasync:  gputime=215.6  cputime=438.0 

memcpyHtoDasync:  gputime=210.3  cputime=433.0 

memcpyHtoDasync:  gputime=612.5  cputime=852.0 

memcpyHtoDasync:  gputime=201.9  cputime=476.0 

memcpyHtoDasync:  gputime=64.4  cputime=179.0 

memcpyHtoDasync:  gputime=65.7  cputime=130.0 

memcpyHtoDasync:  gputime=65.2  cputime=130.0 

memcpyHtoDasync:  gputime=69.7  cputime=130.0 

memcpyHtoDasync:  gputime=1.6  cputime=15.0 

memcpyHtoDasync:  gputime=1.0  cputime=7.0 

memcpyHtoDasync:  gputime=616.9  cputime=746.0 

memcpyHtoDasync:  gputime=574.0  cputime=756.0 

memcpyHtoDasync:  gputime=128.2  cputime=273.0 

memcpyHtoDasync:  gputime=64.2  cputime=147.0 

memcpyHtoDasync:  gputime=194.5  cputime=323.0 

memcpyHtoDasync:  gputime=195.1  cputime=374.0 

memcpyHtoDasync:  gputime=195.1  cputime=376.0 

memcpyHtoDasync:  gputime=194.7  cputime=377.0 

memcpyHtoDasync:  gputime=197.1  cputime=442.0 

memcpyHtoDasync:  gputime=197.7  cputime=354.0 

memcpyHtoDasync:  gputime=181.6  cputime=343.0 

memcpyHtoDasync:  gputime=3.3  cputime=15.0 

memcpyHtoDasync:  gputime=2.0  cputime=8.0 

memcpyHtoDasync:  gputime=2.0  cputime=11.0 

memcpyHtoDasync:  gputime=2.9  cputime=10.0 

memcpyHtoDasync:  gputime=2.0  cputime=10.0 

memcpyHtoDasync:  gputime=2.2  cputime=8.0 

memcpyHtoDasync:  gputime=2.0  cputime=6.0 

memcpyHtoDasync:  gputime=65.0  cputime=92.0 

memcpyHtoDasync:  gputime=66.8  cputime=114.0 

memcpyHtoDasync:  gputime=65.6  cputime=114.0 

memcpyHtoDasync:  gputime=66.0  cputime=113.0 

memcpyHtoDasync:  gputime=65.9  cputime=116.0 

memcpyHtoDasync:  gputime=66.5  cputime=115.0 

memcpyHtoDasync:  gputime=199.4  cputime=292.0 

memcpyHtoDasync:  gputime=200.5  cputime=347.0 

memcpyHtoDasync:  gputime=199.3  cputime=343.0 

memcpyHtoDasync:  gputime=196.7  cputime=347.0 

memcpyHtoDasync:  gputime=69.6  cputime=159.0 

memcpyHtoDasync:  gputime=65.7  cputime=122.0 

memcpyHtoDasync:  gputime=65.9  cputime=113.0 

memcpyHtoDasync:  gputime=72.8  cputime=114.0 

memcpyHtoDasync:  gputime=64.8  cputime=164.0 

memcpyHtoDasync:  gputime=65.8  cputime=114.0 

memcpyHtoDasync:  gputime=70.7  cputime=119.0 

memcpyHtoDasync:  gputime=75.2  cputime=127.0 

memcpyHtoDasync:  gputime=67.0  cputime=120.0 

memcpyHtoDasync:  gputime=66.2  cputime=116.0 

memcpyHtoDasync:  gputime=66.3  cputime=115.0 

memcpyHtoDasync:  gputime=66.5  cputime=114.0 

memcpyHtoDasync:  gputime=66.9  cputime=112.0 

memcpyHtoDasync:  gputime=66.0  cputime=113.0 

memcpyHtoDasync:  gputime=194.9  cputime=289.0 

memcpyHtoDasync:  gputime=64.6  cputime=161.0 

memcpyHtoDasync:  gputime=66.9  cputime=86.0 

memcpyHtoDasync:  gputime=65.2  cputime=115.0 

memcpyHtoDasync:  gputime=195.7  cputime=285.0 

memcpyHtoDasync:  gputime=65.6  cputime=163.0 

memcpyHtoDasync:  gputime=66.5  cputime=88.0 

memcpyHtoDasync:  gputime=66.0  cputime=116.0 

memcpyHtoDasync:  gputime=195.5  cputime=290.0 

memcpyHtoDasync:  gputime=64.7  cputime=167.0 

memcpyHtoDasync:  gputime=67.4  cputime=85.0 

memcpyHtoDasync:  gputime=57.8  cputime=115.0 

_protect_sw:  gputime=8.3  cputime=20.0 ] thread=[22, 0, 

extrapolate_velocity_second_order_true:  gputime=22.0  cputime=7.0 ] thread=[20, 0, 

extrapolate_second_order_sw_true:  gputime=191.6  cputime=5.0 ] thread=[63, 0, 

_balance_deep_and_shallow:  gputime=20.4  cputime=6.0 ] thread=[39, 0, 

_interpolate_from_vertices_to_edges:  gputime=14.7  cputime=5.0 ] thread=[18, 0, 

_interpolate_from_vertices_to_edges:  gputime=14.0  cputime=4.0 ] thread=[18, 0, 

_interpolate_from_vertices_to_edges:  gputime=14.4  cputime=4.0 ] thread=[18, 0, 

_protect_sw:  gputime=7.7  cputime=5.0 ] thread=[22, 0, 

extrapolate_velocity_second_order_true:  gputime=21.3  cputime=4.0 ] thread=[20, 0, 

extrapolate_second_order_sw_true:  gputime=184.8  cputime=4.0 ] thread=[63, 0, 

_balance_deep_and_shallow:  gputime=20.2  cputime=5.0 ] thread=[39, 0, 

_interpolate_from_vertices_to_edges:  gputime=14.7  cputime=4.0 ] thread=[18, 0, 

_interpolate_from_vertices_to_edges:  gputime=14.3  cputime=4.0 ] thread=[18, 0, 

_interpolate_from_vertices_to_edges:  gputime=14.2  cputime=4.0 ] thread=[18, 0, 

evaluate_segment_reflective:  gputime=7.5  cputime=5.0 ] thread=[24, 0, 

evaluate_segment_reflective:  gputime=15.3  cputime=5.0 ] thread=[24, 0, 

compute_fluxes_central_structure_CUDA:  gputime=362.1  cputime=13.0 ] thread=[63, 0, 

memcpyDtoHasync:  gputime=63.6  cputime=541.0 

gravity_wb:  gputime=113.8  cputime=9.0 46080] thread=[36, 0, 

memcpyDtoH:  gputime=368.6  cputime=1153

_manning_friction_flat:  gputime=4.9  cputime=26.0 ] thread=[26, 0, 

update:  gputime=23.8  cputime=6.0 ] thread=[22, 0, 

memset32_post:  gputime=6.0  cputime=4.0 ] thread=[6, 0, 

update:  gputime=14.7  cputime=5.0 ] thread=[22, 0, 

memset32_post:  gputime=5.7  cputime=3.0 ] thread=[6, 0, 

update:  gputime=15.2  cputime=4.0 ] thread=[22, 0, 

memset32_post:  gputime=5.7  cputime=3.0 ] thread=[6, 0, 

_protect_sw:  gputime=7.6  cputime=6.0 ] thread=[22, 0, 

extrapolate_velocity_second_order_true:  gputime=16.7  cputime=6.0 ] thread=[20, 0, 

extrapolate_second_order_sw_true:  gputime=319.6  cputime=5.0 ] thread=[63, 0, 

_balance_deep_and_shallow:  gputime=19.7  cputime=5.0 ] thread=[39, 0, 

_interpolate_from_vertices_to_edges:  gputime=14.5  cputime=5.0 ] thread=[18, 0, 

_interpolate_from_vertices_to_edges:  gputime=14.3  cputime=4.0 ] thread=[18, 0, 

_interpolate_from_vertices_to_edges:  gputime=14.4  cputime=5.0 ] thread=[18, 0, 

evaluate_segment_reflective:  gputime=6.5  cputime=4.0 ] thread=[24, 0, 

evaluate_segment_reflective:  gputime=15.2  cputime=4.0 ] thread=[24, 0, 

set_boundary_values_from_edges:  gputime=5.5  cputime=7.0 ] thread=[11, 1, 

update_centroids_of_velocities_and_height:  gputime=18.0  cputime=5.0 ] thread=[19, 1, 

extrapolate_first_order:  gputime=16.4  cputime=4.0 ] thread=[16, 0, 

extrapolate_first_order:  gputime=15.6  cputime=4.0 ] thread=[16, 0, 

extrapolate_first_order:  gputime=15.9  cputime=4.0 ] thread=[16, 0, 

memset32_post:  gputime=6.1  cputime=4.0 ] thread=[6, 0, 

memset32_post:  gputime=5.5  cputime=3.0 ] thread=[6, 0, 

compute_fluxes_central_structure_CUDA:  gputime=373.9  cputime=5.0 ] thread=[63, 0, 

memcpyDtoHasync:  gputime=63.1  cputime=556.0 

gravity_wb:  gputime=113.2  cputime=7.0 46080] thread=[36, 0, 

memcpyDtoH:  gputime=368.1  cputime=883.0 

_manning_friction_flat:  gputime=5.2  cputime=10.0 ] thread=[26, 0, 

update:  gputime=24.2  cputime=5.0 ] thread=[22, 0, 

memset32_post:  gputime=6.0  cputime=3.0 ] thread=[6, 0, 

update:  gputime=25.0  cputime=5.0 ] thread=[22, 0, 

memset32_post:  gputime=5.7  cputime=4.0 ] thread=[6, 0, 

update:  gputime=25.1  cputime=4.0 ] thread=[22, 0, 

memset32_post:  gputime=5.7  cputime=3.0 ] thread=[6, 0, 

_protect_sw:  gputime=9.2  cputime=5.0 ] thread=[22, 0, 

extrapolate_velocity_second_order_true:  gputime=17.3  cputime=5.0 ] thread=[20, 0, 

extrapolate_second_order_sw_true:  gputime=355.9  cputime=4.0 ] thread=[63, 0, 

_balance_deep_and_shallow:  gputime=21.2  cputime=4.0 ] thread=[39, 0, 

_interpolate_from_vertices_to_edges:  gputime=14.1  cputime=4.0 ] thread=[18, 0, 

_interpolate_from_vertices_to_edges:  gputime=14.0  cputime=5.0 ] thread=[18, 0, 

_interpolate_from_vertices_to_edges:  gputime=14.2  cputime=4.0 ] thread=[18, 0, 

evaluate_segment_reflective:  gputime=6.6  cputime=4.0 ] thread=[24, 0, 

evaluate_segment_reflective:  gputime=15.4  cputime=5.0 ] thread=[24, 0, 

set_boundary_values_from_edges:  gputime=5.6  cputime=5.0 ] thread=[11, 1, 

update_centroids_of_velocities_and_height:  gputime=18.2  cputime=5.0 ] thread=[19, 1, 

extrapolate_first_order:  gputime=16.6  cputime=5.0 ] thread=[16, 0, 

extrapolate_first_order:  gputime=16.2  cputime=4.0 ] thread=[16, 0, 

extrapolate_first_order:  gputime=16.6  cputime=4.0 ] thread=[16, 0, 

memset32_post:  gputime=6.0  cputime=4.0 ] thread=[6, 0, 

memset32_post:  gputime=5.5  cputime=3.0 ] thread=[6, 0, 

compute_fluxes_central_structure_CUDA:  gputime=379.4  cputime=5.0 ] thread=[63, 0, 

memcpyDtoHasync:  gputime=63.0  cputime=645.0 

gravity_wb:  gputime=114.0  cputime=8.0 46080] thread=[36, 0, 

memcpyDtoH:  gputime=367.7  cputime=888.0 

_manning_friction_flat:  gputime=5.3  cputime=10.0 ] thread=[26, 0, 

update:  gputime=25.1  cputime=5.0 ] thread=[22, 0, 

memset32_post:  gputime=6.0  cputime=4.0 ] thread=[6, 0, 

update:  gputime=25.4  cputime=4.0 ] thread=[22, 0, 

memset32_post:  gputime=5.7  cputime=4.0 ] thread=[6, 0, 

update:  gputime=24.9  cputime=4.0 ] thread=[22, 0, 

memset32_post:  gputime=5.7  cputime=4.0 ] thread=[6, 0, 

_protect_sw:  gputime=8.9  cputime=4.0 ] thread=[22, 0, 

extrapolate_velocity_second_order_true:  gputime=17.3  cputime=5.0 ] thread=[20, 0, 

extrapolate_second_order_sw_true:  gputime=354.8  cputime=4.0 ] thread=[63, 0, 

_balance_deep_and_shallow:  gputime=22.1  cputime=4.0 ] thread=[39, 0, 

_interpolate_from_vertices_to_edges:  gputime=14.1  cputime=5.0 ] thread=[18, 0, 

_interpolate_from_vertices_to_edges:  gputime=14.1  cputime=4.0 ] thread=[18, 0, 

_interpolate_from_vertices_to_edges:  gputime=13.9  cputime=4.0 ] thread=[18, 0, 

evaluate_segment_reflective:  gputime=6.6  cputime=4.0 ] thread=[24, 0, 

evaluate_segment_reflective:  gputime=15.5  cputime=4.0 ] thread=[24, 0, 

set_boundary_values_from_edges:  gputime=5.6  cputime=4.0 ] thread=[11, 1, 

update_centroids_of_velocities_and_height:  gputime=18.8  cputime=4.0 ] thread=[19, 1, 

extrapolate_first_order:  gputime=16.5  cputime=4.0 ] thread=[16, 0, 

extrapolate_first_order:  gputime=16.5  cputime=4.0 ] thread=[16, 0, 

extrapolate_first_order:  gputime=16.2  cputime=4.0 ] thread=[16, 0, 

memset32_post:  gputime=6.0  cputime=4.0 ] thread=[6, 0, 

memset32_post:  gputime=5.5  cputime=3.0 ] thread=[6, 0, 

compute_fluxes_central_structure_CUDA:  gputime=375.5  cputime=5.0 ] thread=[63, 0, 

memcpyDtoHasync:  gputime=63.0  cputime=636.0 

gravity_wb:  gputime=113.1  cputime=7.0 46080] thread=[36, 0, 

memcpyDtoH:  gputime=373.6  cputime=939.0 

_manning_friction_flat:  gputime=5.5  cputime=10.0 ] thread=[26, 0, 

update:  gputime=26.1  cputime=5.0 ] thread=[22, 0, 

memset32_post:  gputime=6.0  cputime=3.0 ] thread=[6, 0, 

update:  gputime=25.5  cputime=4.0 ] thread=[22, 0, 

memset32_post:  gputime=5.7  cputime=4.0 ] thread=[6, 0, 

update:  gputime=25.1  cputime=4.0 ] thread=[22, 0, 

memset32_post:  gputime=5.6  cputime=3.0 ] thread=[6, 0, 

_protect_sw:  gputime=9.0  cputime=5.0 ] thread=[22, 0, 

extrapolate_velocity_second_order_true:  gputime=17.8  cputime=5.0 ] thread=[20, 0, 

extrapolate_second_order_sw_true:  gputime=354.6  cputime=4.0 ] thread=[63, 0, 

_balance_deep_and_shallow:  gputime=21.6  cputime=5.0 ] thread=[39, 0, 

_interpolate_from_vertices_to_edges:  gputime=14.4  cputime=5.0 ] thread=[18, 0, 

_interpolate_from_vertices_to_edges:  gputime=14.4  cputime=4.0 ] thread=[18, 0, 

_interpolate_from_vertices_to_edges:  gputime=14.2  cputime=4.0 ] thread=[18, 0, 

evaluate_segment_reflective:  gputime=6.7  cputime=4.0 ] thread=[24, 0, 

evaluate_segment_reflective:  gputime=15.3  cputime=4.0 ] thread=[24, 0, 

set_boundary_values_from_edges:  gputime=5.6  cputime=5.0 ] thread=[11, 1, 

update_centroids_of_velocities_and_height:  gputime=18.2  cputime=5.0 ] thread=[19, 1, 

extrapolate_first_order:  gputime=16.2  cputime=4.0 ] thread=[16, 0, 

extrapolate_first_order:  gputime=16.4  cputime=4.0 ] thread=[16, 0, 

extrapolate_first_order:  gputime=16.2  cputime=4.0 ] thread=[16, 0, 

memset32_post:  gputime=6.1  cputime=4.0 ] thread=[6, 0, 

memset32_post:  gputime=5.5  cputime=4.0 ] thread=[6, 0, 

compute_fluxes_central_structure_CUDA:  gputime=380.0  cputime=5.0 ] thread=[63, 0, 

memcpyDtoHasync:  gputime=63.0  cputime=638.0 

gravity_wb:  gputime=113.5  cputime=7.0 46080] thread=[36, 0, 

memcpyDtoH:  gputime=368.4  cputime=889.0 

_manning_friction_flat:  gputime=5.6  cputime=10.0 ] thread=[26, 0, 

update:  gputime=25.1  cputime=4.0 ] thread=[22, 0, 

memset32_post:  gputime=6.0  cputime=4.0 ] thread=[6, 0, 

update:  gputime=24.9  cputime=5.0 ] thread=[22, 0, 

memset32_post:  gputime=5.6  cputime=3.0 ] thread=[6, 0, 

update:  gputime=25.0  cputime=4.0 ] thread=[22, 0, 

memset32_post:  gputime=5.6  cputime=3.0 ] thread=[6, 0, 

_protect_sw:  gputime=8.9  cputime=5.0 ] thread=[22, 0, 

extrapolate_velocity_second_order_true:  gputime=17.4  cputime=5.0 ] thread=[20, 0, 

extrapolate_second_order_sw_true:  gputime=359.5  cputime=4.0 ] thread=[63, 0, 

_balance_deep_and_shallow:  gputime=21.2  cputime=8.0 ] thread=[39, 0, 

_interpolate_from_vertices_to_edges:  gputime=14.2  cputime=5.0 ] thread=[18, 0, 

_interpolate_from_vertices_to_edges:  gputime=14.4  cputime=5.0 ] thread=[18, 0, 

_interpolate_from_vertices_to_edges:  gputime=14.1  cputime=4.0 ] thread=[18, 0, 

evaluate_segment_reflective:  gputime=6.5  cputime=4.0 ] thread=[24, 0, 

evaluate_segment_reflective:  gputime=15.4  cputime=4.0 ] thread=[24, 0, 

set_boundary_values_from_edges:  gputime=5.8  cputime=5.0 ] thread=[11, 1, 

update_centroids_of_velocities_and_height:  gputime=18.1  cputime=5.0 ] thread=[19, 1, 

extrapolate_first_order:  gputime=17.0  cputime=4.0 ] thread=[16, 0, 

extrapolate_first_order:  gputime=16.2  cputime=4.0 ] thread=[16, 0, 

extrapolate_first_order:  gputime=16.4  cputime=4.0 ] thread=[16, 0, 

memset32_post:  gputime=6.0  cputime=4.0 ] thread=[6, 0, 

memset32_post:  gputime=5.5  cputime=4.0 ] thread=[6, 0, 

compute_fluxes_central_structure_CUDA:  gputime=382.0  cputime=5.0 ] thread=[63, 0, 

memcpyDtoHasync:  gputime=63.0  cputime=644.0 

gravity_wb:  gputime=113.6  cputime=6.0 46080] thread=[36, 0, 

memcpyDtoH:  gputime=368.4  cputime=888.0 

_manning_friction_flat:  gputime=5.7  cputime=10.0 ] thread=[26, 0, 

update:  gputime=25.7  cputime=5.0 ] thread=[22, 0, 

memset32_post:  gputime=6.0  cputime=3.0 ] thread=[6, 0, 

update:  gputime=24.7  cputime=4.0 ] thread=[22, 0, 

memset32_post:  gputime=5.6  cputime=4.0 ] thread=[6, 0, 

update:  gputime=25.5  cputime=4.0 ] thread=[22, 0, 

memset32_post:  gputime=5.6  cputime=4.0 ] thread=[6, 0, 

_protect_sw:  gputime=9.2  cputime=5.0 ] thread=[22, 0, 

extrapolate_velocity_second_order_true:  gputime=17.2  cputime=5.0 ] thread=[20, 0, 

extrapolate_second_order_sw_true:  gputime=346.5  cputime=6.0 ] thread=[63, 0, 

_balance_deep_and_shallow:  gputime=21.5  cputime=5.0 ] thread=[39, 0, 

_interpolate_from_vertices_to_edges:  gputime=14.3  cputime=5.0 ] thread=[18, 0, 

_interpolate_from_vertices_to_edges:  gputime=14.0  cputime=4.0 ] thread=[18, 0, 

_interpolate_from_vertices_to_edges:  gputime=13.8  cputime=4.0 ] thread=[18, 0, 

evaluate_segment_reflective:  gputime=6.7  cputime=4.0 ] thread=[24, 0, 

evaluate_segment_reflective:  gputime=15.2  cputime=4.0 ] thread=[24, 0, 

set_boundary_values_from_edges:  gputime=5.6  cputime=5.0 ] thread=[11, 1, 

update_centroids_of_velocities_and_height:  gputime=18.7  cputime=5.0 ] thread=[19, 1, 

extrapolate_first_order:  gputime=16.5  cputime=5.0 ] thread=[16, 0, 

extrapolate_first_order:  gputime=16.4  cputime=5.0 ] thread=[16, 0, 

extrapolate_first_order:  gputime=15.8  cputime=4.0 ] thread=[16, 0, 

memset32_post:  gputime=6.0  cputime=4.0 ] thread=[6, 0, 

memset32_post:  gputime=5.5  cputime=3.0 ] thread=[6, 0, 

compute_fluxes_central_structure_CUDA:  gputime=377.5  cputime=5.0 ] thread=[63, 0, 

memcpyDtoHasync:  gputime=63.7  cputime=609.0 

gravity_wb:  gputime=111.9  cputime=6.0 46080] thread=[36, 0, 

memcpyDtoH:  gputime=367.9  cputime=885.0 

_manning_friction_flat:  gputime=5.5  cputime=10.0 ] thread=[26, 0, 

update:  gputime=26.1  cputime=5.0 ] thread=[22, 0, 

memset32_post:  gputime=6.0  cputime=4.0 ] thread=[6, 0, 

update:  gputime=25.6  cputime=4.0 ] thread=[22, 0, 

memset32_post:  gputime=5.7  cputime=4.0 ] thread=[6, 0, 

update:  gputime=25.2  cputime=4.0 ] thread=[22, 0, 

memset32_post:  gputime=5.6  cputime=4.0 ] thread=[6, 0, 

_protect_sw:  gputime=8.8  cputime=5.0 ] thread=[22, 0, 

extrapolate_velocity_second_order_true:  gputime=17.2  cputime=5.0 ] thread=[20, 0, 

extrapolate_second_order_sw_true:  gputime=343.5  cputime=5.0 ] thread=[63, 0, 

_balance_deep_and_shallow:  gputime=21.5  cputime=4.0 ] thread=[39, 0, 

_interpolate_from_vertices_to_edges:  gputime=14.5  cputime=4.0 ] thread=[18, 0, 

_interpolate_from_vertices_to_edges:  gputime=14.2  cputime=4.0 ] thread=[18, 0, 

_interpolate_from_vertices_to_edges:  gputime=14.0  cputime=5.0 ] thread=[18, 0, 

evaluate_segment_reflective:  gputime=6.6  cputime=4.0 ] thread=[24, 0, 

evaluate_segment_reflective:  gputime=15.0  cputime=4.0 ] thread=[24, 0, 

set_boundary_values_from_edges:  gputime=5.6  cputime=5.0 ] thread=[11, 1, 

update_centroids_of_velocities_and_height:  gputime=18.0  cputime=4.0 ] thread=[19, 1, 

extrapolate_first_order:  gputime=16.4  cputime=4.0 ] thread=[16, 0, 

extrapolate_first_order:  gputime=16.8  cputime=4.0 ] thread=[16, 0, 

extrapolate_first_order:  gputime=16.1  cputime=4.0 ] thread=[16, 0, 

memset32_post:  gputime=6.0  cputime=4.0 ] thread=[6, 0, 

memset32_post:  gputime=5.5  cputime=3.0 ] thread=[6, 0, 

compute_fluxes_central_structure_CUDA:  gputime=386.8  cputime=5.0 ] thread=[63, 0, 

memcpyDtoHasync:  gputime=67.6  cputime=641.0 

gravity_wb:  gputime=112.7  cputime=8.0 46080] thread=[36, 0, 

memcpyDtoH:  gputime=402.1  cputime=918.0 

_manning_friction_flat:  gputime=5.5  cputime=9.0 ] thread=[26, 0, 

update:  gputime=25.6  cputime=5.0 ] thread=[22, 0, 

memset32_post:  gputime=6.0  cputime=4.0 ] thread=[6, 0, 

update:  gputime=25.6  cputime=4.0 ] thread=[22, 0, 

memset32_post:  gputime=5.7  cputime=4.0 ] thread=[6, 0, 

update:  gputime=25.4  cputime=4.0 ] thread=[22, 0, 

memset32_post:  gputime=5.6  cputime=3.0 ] thread=[6, 0, 

_protect_sw:  gputime=8.7  cputime=5.0 ] thread=[22, 0, 

extrapolate_velocity_second_order_true:  gputime=17.0  cputime=4.0 ] thread=[20, 0, 

extrapolate_second_order_sw_true:  gputime=353.2  cputime=4.0 ] thread=[63, 0, 

_balance_deep_and_shallow:  gputime=22.1  cputime=4.0 ] thread=[39, 0, 

_interpolate_from_vertices_to_edges:  gputime=14.1  cputime=5.0 ] thread=[18, 0, 

_interpolate_from_vertices_to_edges:  gputime=14.1  cputime=4.0 ] thread=[18, 0, 

_interpolate_from_vertices_to_edges:  gputime=13.7  cputime=4.0 ] thread=[18, 0, 

evaluate_segment_reflective:  gputime=6.6  cputime=5.0 ] thread=[24, 0, 

evaluate_segment_reflective:  gputime=15.5  cputime=5.0 ] thread=[24, 0, 

set_boundary_values_from_edges:  gputime=5.6  cputime=4.0 ] thread=[11, 1, 

update_centroids_of_velocities_and_height:  gputime=18.3  cputime=4.0 ] thread=[19, 1, 

extrapolate_first_order:  gputime=16.7  cputime=5.0 ] thread=[16, 0, 

extrapolate_first_order:  gputime=16.1  cputime=5.0 ] thread=[16, 0, 

extrapolate_first_order:  gputime=17.2  cputime=4.0 ] thread=[16, 0, 

memset32_post:  gputime=6.0  cputime=4.0 ] thread=[6, 0, 

memset32_post:  gputime=5.5  cputime=3.0 ] thread=[6, 0, 

compute_fluxes_central_structure_CUDA:  gputime=371.9  cputime=5.0 ] thread=[63, 0, 

memcpyDtoHasync:  gputime=63.0  cputime=629.0 

gravity_wb:  gputime=112.9  cputime=6.0 46080] thread=[36, 0, 

memcpyDtoH:  gputime=368.0  cputime=907.0 

_manning_friction_flat:  gputime=5.4  cputime=10.0 ] thread=[26, 0, 

update:  gputime=25.4  cputime=5.0 ] thread=[22, 0, 

memset32_post:  gputime=6.0  cputime=4.0 ] thread=[6, 0, 

update:  gputime=25.1  cputime=4.0 ] thread=[22, 0, 

memset32_post:  gputime=5.6  cputime=3.0 ] thread=[6, 0, 

update:  gputime=24.9  cputime=4.0 ] thread=[22, 0, 

memset32_post:  gputime=5.6  cputime=4.0 ] thread=[6, 0, 

_protect_sw:  gputime=8.8  cputime=5.0 ] thread=[22, 0, 

extrapolate_velocity_second_order_true:  gputime=16.6  cputime=5.0 ] thread=[20, 0, 

extrapolate_second_order_sw_true:  gputime=339.7  cputime=4.0 ] thread=[63, 0, 

_balance_deep_and_shallow:  gputime=21.4  cputime=5.0 ] thread=[39, 0, 

_interpolate_from_vertices_to_edges:  gputime=14.3  cputime=5.0 ] thread=[18, 0, 

_interpolate_from_vertices_to_edges:  gputime=13.9  cputime=4.0 ] thread=[18, 0, 

_interpolate_from_vertices_to_edges:  gputime=14.4  cputime=4.0 ] thread=[18, 0, 

evaluate_segment_reflective:  gputime=6.5  cputime=5.0 ] thread=[24, 0, 

evaluate_segment_reflective:  gputime=15.6  cputime=4.0 ] thread=[24, 0, 

set_boundary_values_from_edges:  gputime=5.5  cputime=4.0 ] thread=[11, 1, 

update_centroids_of_velocities_and_height:  gputime=19.0  cputime=5.0 ] thread=[19, 1, 

extrapolate_first_order:  gputime=17.0  cputime=5.0 ] thread=[16, 0, 

extrapolate_first_order:  gputime=16.6  cputime=5.0 ] thread=[16, 0, 

extrapolate_first_order:  gputime=16.7  cputime=4.0 ] thread=[16, 0, 

memset32_post:  gputime=6.0  cputime=4.0 ] thread=[6, 0, 

memset32_post:  gputime=5.5  cputime=3.0 ] thread=[6, 0, 

compute_fluxes_central_structure_CUDA:  gputime=379.3  cputime=5.0 ] thread=[63, 0, 

memcpyDtoHasync:  gputime=63.0  cputime=626.0 

gravity_wb:  gputime=112.3  cputime=6.0 46080] thread=[36, 0, 

memcpyDtoH:  gputime=368.0  cputime=887.0 

_manning_friction_flat:  gputime=5.5  cputime=10.0 ] thread=[26, 0, 

update:  gputime=25.5  cputime=5.0 ] thread=[22, 0, 

memset32_post:  gputime=6.0  cputime=3.0 ] thread=[6, 0, 

update:  gputime=25.2  cputime=5.0 ] thread=[22, 0, 

memset32_post:  gputime=5.7  cputime=3.0 ] thread=[6, 0, 

update:  gputime=25.3  cputime=5.0 ] thread=[22, 0, 

memset32_post:  gputime=5.7  cputime=3.0 ] thread=[6, 0, 

_protect_sw:  gputime=8.9  cputime=5.0 ] thread=[22, 0, 

extrapolate_velocity_second_order_true:  gputime=17.1  cputime=5.0 ] thread=[20, 0, 

extrapolate_second_order_sw_true:  gputime=348.1  cputime=4.0 ] thread=[63, 0, 

_balance_deep_and_shallow:  gputime=21.6  cputime=5.0 ] thread=[39, 0, 

_interpolate_from_vertices_to_edges:  gputime=14.1  cputime=5.0 ] thread=[18, 0, 

_interpolate_from_vertices_to_edges:  gputime=14.2  cputime=5.0 ] thread=[18, 0, 

_interpolate_from_vertices_to_edges:  gputime=14.1  cputime=4.0 ] thread=[18, 0, 

evaluate_segment_reflective:  gputime=6.5  cputime=4.0 ] thread=[24, 0, 

evaluate_segment_reflective:  gputime=15.3  cputime=4.0 ] thread=[24, 0, 

set_boundary_values_from_edges:  gputime=5.5  cputime=4.0 ] thread=[11, 1, 

update_centroids_of_velocities_and_height:  gputime=18.8  cputime=5.0 ] thread=[19, 1, 

extrapolate_first_order:  gputime=16.6  cputime=5.0 ] thread=[16, 0, 

extrapolate_first_order:  gputime=16.3  cputime=4.0 ] thread=[16, 0, 

extrapolate_first_order:  gputime=15.8  cputime=4.0 ] thread=[16, 0, 

memset32_post:  gputime=6.0  cputime=4.0 ] thread=[6, 0, 

memset32_post:  gputime=5.5  cputime=3.0 ] thread=[6, 0, 

compute_fluxes_central_structure_CUDA:  gputime=373.8  cputime=5.0 ] thread=[63, 0, 

memcpyDtoHasync:  gputime=63.0  cputime=626.0 

gravity_wb:  gputime=112.0  cputime=7.0 46080] thread=[36, 0, 

memcpyDtoH:  gputime=367.9  cputime=886.0 

_manning_friction_flat:  gputime=5.6  cputime=9.0 ] thread=[26, 0, 

update:  gputime=25.5  cputime=5.0 ] thread=[22, 0, 

memset32_post:  gputime=6.0  cputime=4.0 ] thread=[6, 0, 

update:  gputime=25.3  cputime=4.0 ] thread=[22, 0, 

memset32_post:  gputime=5.6  cputime=3.0 ] thread=[6, 0, 

update:  gputime=24.6  cputime=4.0 ] thread=[22, 0, 

memset32_post:  gputime=5.6  cputime=4.0 ] thread=[6, 0, 

_protect_sw:  gputime=8.9  cputime=5.0 ] thread=[22, 0, 

extrapolate_velocity_second_order_true:  gputime=17.1  cputime=5.0 ] thread=[20, 0, 

extrapolate_second_order_sw_true:  gputime=349.6  cputime=4.0 ] thread=[63, 0, 

_balance_deep_and_shallow:  gputime=21.6  cputime=5.0 ] thread=[39, 0, 

_interpolate_from_vertices_to_edges:  gputime=14.2  cputime=5.0 ] thread=[18, 0, 

_interpolate_from_vertices_to_edges:  gputime=14.5  cputime=5.0 ] thread=[18, 0, 

_interpolate_from_vertices_to_edges:  gputime=14.0  cputime=4.0 ] thread=[18, 0, 

evaluate_segment_reflective:  gputime=6.5  cputime=4.0 ] thread=[24, 0, 

evaluate_segment_reflective:  gputime=15.2  cputime=4.0 ] thread=[24, 0, 

set_boundary_values_from_edges:  gputime=5.6  cputime=4.0 ] thread=[11, 1, 

update_centroids_of_velocities_and_height:  gputime=18.3  cputime=5.0 ] thread=[19, 1, 

extrapolate_first_order:  gputime=16.7  cputime=5.0 ] thread=[16, 0, 

extrapolate_first_order:  gputime=16.0  cputime=7.0 ] thread=[16, 0, 

extrapolate_first_order:  gputime=16.1  cputime=4.0 ] thread=[16, 0, 

memset32_post:  gputime=6.0  cputime=3.0 ] thread=[6, 0, 

memset32_post:  gputime=5.5  cputime=4.0 ] thread=[6, 0, 

compute_fluxes_central_structure_CUDA:  gputime=382.0  cputime=4.0 ] thread=[63, 0, 

memcpyDtoHasync:  gputime=63.2  cputime=652.0 

gravity_wb:  gputime=112.5  cputime=8.0 46080] thread=[36, 0, 

memcpyDtoH:  gputime=368.4  cputime=888.0 

_manning_friction_flat:  gputime=6.1  cputime=9.0 ] thread=[26, 0, 

update:  gputime=25.4  cputime=5.0 ] thread=[22, 0, 

memset32_post:  gputime=6.0  cputime=4.0 ] thread=[6, 0, 

update:  gputime=25.2  cputime=5.0 ] thread=[22, 0, 

memset32_post:  gputime=5.6  cputime=3.0 ] thread=[6, 0, 

update:  gputime=25.4  cputime=4.0 ] thread=[22, 0, 

memset32_post:  gputime=5.6  cputime=4.0 ] thread=[6, 0, 

_protect_sw:  gputime=9.1  cputime=5.0 ] thread=[22, 0, 

extrapolate_velocity_second_order_true:  gputime=17.4  cputime=5.0 ] thread=[20, 0, 

extrapolate_second_order_sw_true:  gputime=347.6  cputime=4.0 ] thread=[63, 0, 

_balance_deep_and_shallow:  gputime=21.1  cputime=5.0 ] thread=[39, 0, 

_interpolate_from_vertices_to_edges:  gputime=14.2  cputime=4.0 ] thread=[18, 0, 

_interpolate_from_vertices_to_edges:  gputime=14.0  cputime=4.0 ] thread=[18, 0, 

_interpolate_from_vertices_to_edges:  gputime=13.8  cputime=4.0 ] thread=[18, 0, 

evaluate_segment_reflective:  gputime=6.7  cputime=5.0 ] thread=[24, 0, 

evaluate_segment_reflective:  gputime=15.0  cputime=5.0 ] thread=[24, 0, 

set_boundary_values_from_edges:  gputime=5.5  cputime=5.0 ] thread=[11, 1, 

update_centroids_of_velocities_and_height:  gputime=17.9  cputime=4.0 ] thread=[19, 1, 

extrapolate_first_order:  gputime=16.7  cputime=4.0 ] thread=[16, 0, 

extrapolate_first_order:  gputime=16.0  cputime=4.0 ] thread=[16, 0, 

extrapolate_first_order:  gputime=16.7  cputime=5.0 ] thread=[16, 0, 

memset32_post:  gputime=6.0  cputime=4.0 ] thread=[6, 0, 

memset32_post:  gputime=5.5  cputime=3.0 ] thread=[6, 0, 

compute_fluxes_central_structure_CUDA:  gputime=370.8  cputime=5.0 ] thread=[63, 0, 

memcpyDtoHasync:  gputime=63.0  cputime=624.0 

gravity_wb:  gputime=112.4  cputime=7.0 46080] thread=[36, 0, 

memcpyDtoH:  gputime=372.4  cputime=918.0 

_manning_friction_flat:  gputime=5.6  cputime=10.0 ] thread=[26, 0, 

update:  gputime=25.4  cputime=5.0 ] thread=[22, 0, 

memset32_post:  gputime=6.0  cputime=4.0 ] thread=[6, 0, 

update:  gputime=24.9  cputime=4.0 ] thread=[22, 0, 

memset32_post:  gputime=5.6  cputime=4.0 ] thread=[6, 0, 

update:  gputime=24.8  cputime=4.0 ] thread=[22, 0, 

memset32_post:  gputime=5.7  cputime=4.0 ] thread=[6, 0, 

_protect_sw:  gputime=9.3  cputime=4.0 ] thread=[22, 0, 

extrapolate_velocity_second_order_true:  gputime=16.9  cputime=4.0 ] thread=[20, 0, 

extrapolate_second_order_sw_true:  gputime=352.2  cputime=5.0 ] thread=[63, 0, 

_balance_deep_and_shallow:  gputime=22.0  cputime=4.0 ] thread=[39, 0, 

_interpolate_from_vertices_to_edges:  gputime=14.1  cputime=5.0 ] thread=[18, 0, 

_interpolate_from_vertices_to_edges:  gputime=13.7  cputime=4.0 ] thread=[18, 0, 

_interpolate_from_vertices_to_edges:  gputime=13.9  cputime=4.0 ] thread=[18, 0, 

evaluate_segment_reflective:  gputime=6.6  cputime=4.0 ] thread=[24, 0, 

evaluate_segment_reflective:  gputime=15.2  cputime=4.0 ] thread=[24, 0, 

set_boundary_values_from_edges:  gputime=5.7  cputime=5.0 ] thread=[11, 1, 

update_centroids_of_velocities_and_height:  gputime=19.0  cputime=4.0 ] thread=[19, 1, 

extrapolate_first_order:  gputime=16.2  cputime=4.0 ] thread=[16, 0, 

extrapolate_first_order:  gputime=16.5  cputime=4.0 ] thread=[16, 0, 

extrapolate_first_order:  gputime=15.9  cputime=4.0 ] thread=[16, 0, 

memset32_post:  gputime=6.0  cputime=3.0 ] thread=[6, 0, 

memset32_post:  gputime=5.5  cputime=4.0 ] thread=[6, 0, 

compute_fluxes_central_structure_CUDA:  gputime=378.9  cputime=5.0 ] thread=[63, 0, 

memcpyDtoHasync:  gputime=63.0  cputime=636.0 

gravity_wb:  gputime=112.6  cputime=7.0 46080] thread=[36, 0, 

memcpyDtoH:  gputime=368.2  cputime=884.0 

_manning_friction_flat:  gputime=5.4  cputime=10.0 ] thread=[26, 0, 

update:  gputime=25.6  cputime=5.0 ] thread=[22, 0, 

memset32_post:  gputime=6.0  cputime=4.0 ] thread=[6, 0, 

update:  gputime=25.9  cputime=5.0 ] thread=[22, 0, 

memset32_post:  gputime=5.7  cputime=3.0 ] thread=[6, 0, 

update:  gputime=25.6  cputime=4.0 ] thread=[22, 0, 

memset32_post:  gputime=5.6  cputime=4.0 ] thread=[6, 0, 

_protect_sw:  gputime=8.8  cputime=5.0 ] thread=[22, 0, 

extrapolate_velocity_second_order_true:  gputime=17.3  cputime=5.0 ] thread=[20, 0, 

extrapolate_second_order_sw_true:  gputime=342.6  cputime=5.0 ] thread=[63, 0, 

_balance_deep_and_shallow:  gputime=21.8  cputime=4.0 ] thread=[39, 0, 

_interpolate_from_vertices_to_edges:  gputime=14.3  cputime=4.0 ] thread=[18, 0, 

_interpolate_from_vertices_to_edges:  gputime=13.9  cputime=4.0 ] thread=[18, 0, 

_interpolate_from_vertices_to_edges:  gputime=14.0  cputime=4.0 ] thread=[18, 0, 

evaluate_segment_reflective:  gputime=6.7  cputime=4.0 ] thread=[24, 0, 

evaluate_segment_reflective:  gputime=15.2  cputime=4.0 ] thread=[24, 0, 

set_boundary_values_from_edges:  gputime=5.4  cputime=4.0 ] thread=[11, 1, 

update_centroids_of_velocities_and_height:  gputime=17.6  cputime=4.0 ] thread=[19, 1, 

extrapolate_first_order:  gputime=16.4  cputime=5.0 ] thread=[16, 0, 

extrapolate_first_order:  gputime=16.2  cputime=4.0 ] thread=[16, 0, 

extrapolate_first_order:  gputime=15.9  cputime=4.0 ] thread=[16, 0, 

memset32_post:  gputime=6.0  cputime=3.0 ] thread=[6, 0, 

memset32_post:  gputime=5.5  cputime=4.0 ] thread=[6, 0, 

compute_fluxes_central_structure_CUDA:  gputime=386.5  cputime=5.0 ] thread=[63, 0, 

memcpyDtoHasync:  gputime=63.0  cputime=633.0 

gravity_wb:  gputime=112.6  cputime=6.0 46080] thread=[36, 0, 

memcpyDtoH:  gputime=368.0  cputime=888.0 

_manning_friction_flat:  gputime=5.6  cputime=10.0 ] thread=[26, 0, 

update:  gputime=25.6  cputime=4.0 ] thread=[22, 0, 

memset32_post:  gputime=6.0  cputime=3.0 ] thread=[6, 0, 

update:  gputime=24.3  cputime=4.0 ] thread=[22, 0, 

memset32_post:  gputime=5.7  cputime=3.0 ] thread=[6, 0, 

update:  gputime=25.1  cputime=4.0 ] thread=[22, 0, 

memset32_post:  gputime=5.6  cputime=3.0 ] thread=[6, 0, 

_protect_sw:  gputime=8.9  cputime=4.0 ] thread=[22, 0, 

extrapolate_velocity_second_order_true:  gputime=16.8  cputime=5.0 ] thread=[20, 0, 

extrapolate_second_order_sw_true:  gputime=335.2  cputime=5.0 ] thread=[63, 0, 

_balance_deep_and_shallow:  gputime=21.5  cputime=5.0 ] thread=[39, 0, 

_interpolate_from_vertices_to_edges:  gputime=14.1  cputime=5.0 ] thread=[18, 0, 

_interpolate_from_vertices_to_edges:  gputime=14.1  cputime=4.0 ] thread=[18, 0, 

_interpolate_from_vertices_to_edges:  gputime=14.1  cputime=4.0 ] thread=[18, 0, 

evaluate_segment_reflective:  gputime=6.6  cputime=5.0 ] thread=[24, 0, 

evaluate_segment_reflective:  gputime=15.1  cputime=5.0 ] thread=[24, 0, 

set_boundary_values_from_edges:  gputime=5.6  cputime=5.0 ] thread=[11, 1, 

update_centroids_of_velocities_and_height:  gputime=19.0  cputime=4.0 ] thread=[19, 1, 

extrapolate_first_order:  gputime=16.1  cputime=4.0 ] thread=[16, 0, 

extrapolate_first_order:  gputime=16.0  cputime=4.0 ] thread=[16, 0, 

extrapolate_first_order:  gputime=16.1  cputime=4.0 ] thread=[16, 0, 

memset32_post:  gputime=6.1  cputime=4.0 ] thread=[6, 0, 

memset32_post:  gputime=5.5  cputime=3.0 ] thread=[6, 0, 

compute_fluxes_central_structure_CUDA:  gputime=378.0  cputime=5.0 ] thread=[63, 0, 

memcpyDtoHasync:  gputime=63.0  cputime=617.0 

gravity_wb:  gputime=112.1  cputime=7.0 46080] thread=[36, 0, 

memcpyDtoH:  gputime=368.4  cputime=887.0 

_manning_friction_flat:  gputime=5.8  cputime=9.0 ] thread=[26, 0, 

update:  gputime=25.7  cputime=5.0 ] thread=[22, 0, 

memset32_post:  gputime=6.2  cputime=4.0 ] thread=[6, 0, 

update:  gputime=24.8  cputime=4.0 ] thread=[22, 0, 

memset32_post:  gputime=5.7  cputime=4.0 ] thread=[6, 0, 

update:  gputime=25.9  cputime=4.0 ] thread=[22, 0, 

memset32_post:  gputime=5.6  cputime=3.0 ] thread=[6, 0, 

_protect_sw:  gputime=9.0  cputime=5.0 ] thread=[22, 0, 

extrapolate_velocity_second_order_true:  gputime=17.1  cputime=5.0 ] thread=[20, 0, 

extrapolate_second_order_sw_true:  gputime=338.9  cputime=4.0 ] thread=[63, 0, 

_balance_deep_and_shallow:  gputime=22.1  cputime=4.0 ] thread=[39, 0, 

_interpolate_from_vertices_to_edges:  gputime=14.2  cputime=5.0 ] thread=[18, 0, 

_interpolate_from_vertices_to_edges:  gputime=14.2  cputime=4.0 ] thread=[18, 0, 

_interpolate_from_vertices_to_edges:  gputime=14.3  cputime=4.0 ] thread=[18, 0, 

evaluate_segment_reflective:  gputime=6.5  cputime=4.0 ] thread=[24, 0, 

evaluate_segment_reflective:  gputime=15.3  cputime=4.0 ] thread=[24, 0, 

set_boundary_values_from_edges:  gputime=5.6  cputime=5.0 ] thread=[11, 1, 

update_centroids_of_velocities_and_height:  gputime=18.6  cputime=4.0 ] thread=[19, 1, 

extrapolate_first_order:  gputime=16.6  cputime=4.0 ] thread=[16, 0, 

extrapolate_first_order:  gputime=16.0  cputime=4.0 ] thread=[16, 0, 

extrapolate_first_order:  gputime=16.4  cputime=4.0 ] thread=[16, 0, 

memset32_post:  gputime=6.0  cputime=3.0 ] thread=[6, 0, 

memset32_post:  gputime=5.4  cputime=4.0 ] thread=[6, 0, 

compute_fluxes_central_structure_CUDA:  gputime=381.4  cputime=5.0 ] thread=[63, 0, 

memcpyDtoHasync:  gputime=63.0  cputime=631.0 

gravity_wb:  gputime=112.7  cputime=7.0 46080] thread=[36, 0, 

memcpyDtoH:  gputime=369.2  cputime=891.0 

_manning_friction_flat:  gputime=5.4  cputime=10.0 ] thread=[26, 0, 

update:  gputime=25.6  cputime=4.0 ] thread=[22, 0, 

memset32_post:  gputime=6.1  cputime=3.0 ] thread=[6, 0, 

update:  gputime=25.1  cputime=4.0 ] thread=[22, 0, 

memset32_post:  gputime=5.7  cputime=4.0 ] thread=[6, 0, 

update:  gputime=25.5  cputime=4.0 ] thread=[22, 0, 

memset32_post:  gputime=5.6  cputime=4.0 ] thread=[6, 0, 

_protect_sw:  gputime=9.0  cputime=5.0 ] thread=[22, 0, 

extrapolate_velocity_second_order_true:  gputime=16.7  cputime=5.0 ] thread=[20, 0, 

extrapolate_second_order_sw_true:  gputime=350.9  cputime=4.0 ] thread=[63, 0, 

_balance_deep_and_shallow:  gputime=22.9  cputime=4.0 ] thread=[39, 0, 

_interpolate_from_vertices_to_edges:  gputime=14.1  cputime=5.0 ] thread=[18, 0, 

_interpolate_from_vertices_to_edges:  gputime=14.1  cputime=5.0 ] thread=[18, 0, 

_interpolate_from_vertices_to_edges:  gputime=14.1  cputime=4.0 ] thread=[18, 0, 

evaluate_segment_reflective:  gputime=6.5  cputime=5.0 ] thread=[24, 0, 

evaluate_segment_reflective:  gputime=15.3  cputime=5.0 ] thread=[24, 0, 

set_boundary_values_from_edges:  gputime=5.7  cputime=5.0 ] thread=[11, 1, 

update_centroids_of_velocities_and_height:  gputime=18.4  cputime=5.0 ] thread=[19, 1, 

extrapolate_first_order:  gputime=16.5  cputime=4.0 ] thread=[16, 0, 

extrapolate_first_order:  gputime=16.4  cputime=4.0 ] thread=[16, 0, 

extrapolate_first_order:  gputime=16.1  cputime=4.0 ] thread=[16, 0, 

memset32_post:  gputime=6.0  cputime=3.0 ] thread=[6, 0, 

memset32_post:  gputime=5.5  cputime=3.0 ] thread=[6, 0, 

compute_fluxes_central_structure_CUDA:  gputime=371.9  cputime=5.0 ] thread=[63, 0, 

memcpyDtoHasync:  gputime=63.0  cputime=630.0 

gravity_wb:  gputime=113.0  cputime=6.0 46080] thread=[36, 0, 

memcpyDtoH:  gputime=368.4  cputime=915.0 

_manning_friction_flat:  gputime=5.7  cputime=13.0 ] thread=[26, 0, 

update:  gputime=25.6  cputime=5.0 ] thread=[22, 0, 

memset32_post:  gputime=6.0  cputime=4.0 ] thread=[6, 0, 

update:  gputime=25.4  cputime=5.0 ] thread=[22, 0, 

memset32_post:  gputime=5.7  cputime=3.0 ] thread=[6, 0, 

update:  gputime=24.7  cputime=4.0 ] thread=[22, 0, 

memset32_post:  gputime=5.6  cputime=4.0 ] thread=[6, 0, 

_protect_sw:  gputime=9.4  cputime=5.0 ] thread=[22, 0, 

extrapolate_velocity_second_order_true:  gputime=16.8  cputime=5.0 ] thread=[20, 0, 

extrapolate_second_order_sw_true:  gputime=337.6  cputime=5.0 ] thread=[63, 0, 

_balance_deep_and_shallow:  gputime=21.5  cputime=4.0 ] thread=[39, 0, 

_interpolate_from_vertices_to_edges:  gputime=14.1  cputime=4.0 ] thread=[18, 0, 

_interpolate_from_vertices_to_edges:  gputime=14.2  cputime=4.0 ] thread=[18, 0, 

_interpolate_from_vertices_to_edges:  gputime=14.0  cputime=4.0 ] thread=[18, 0, 

evaluate_segment_reflective:  gputime=6.5  cputime=5.0 ] thread=[24, 0, 

evaluate_segment_reflective:  gputime=15.1  cputime=4.0 ] thread=[24, 0, 

set_boundary_values_from_edges:  gputime=5.7  cputime=4.0 ] thread=[11, 1, 

update_centroids_of_velocities_and_height:  gputime=19.4  cputime=5.0 ] thread=[19, 1, 

extrapolate_first_order:  gputime=16.4  cputime=5.0 ] thread=[16, 0, 

extrapolate_first_order:  gputime=16.6  cputime=4.0 ] thread=[16, 0, 

extrapolate_first_order:  gputime=15.8  cputime=4.0 ] thread=[16, 0, 

memset32_post:  gputime=6.0  cputime=4.0 ] thread=[6, 0, 

memset32_post:  gputime=5.5  cputime=4.0 ] thread=[6, 0, 

compute_fluxes_central_structure_CUDA:  gputime=379.7  cputime=5.0 ] thread=[63, 0, 

memcpyDtoHasync:  gputime=63.0  cputime=625.0 

gravity_wb:  gputime=113.1  cputime=6.0 46080] thread=[36, 0, 

memcpyDtoH:  gputime=368.4  cputime=888.0 

_manning_friction_flat:  gputime=5.4  cputime=10.0 ] thread=[26, 0, 

update:  gputime=25.9  cputime=5.0 ] thread=[22, 0, 

memset32_post:  gputime=6.0  cputime=3.0 ] thread=[6, 0, 

update:  gputime=24.8  cputime=4.0 ] thread=[22, 0, 

memset32_post:  gputime=5.6  cputime=4.0 ] thread=[6, 0, 

update:  gputime=25.7  cputime=4.0 ] thread=[22, 0, 

memset32_post:  gputime=5.6  cputime=4.0 ] thread=[6, 0, 

_protect_sw:  gputime=9.0  cputime=5.0 ] thread=[22, 0, 

extrapolate_velocity_second_order_true:  gputime=16.4  cputime=4.0 ] thread=[20, 0, 

extrapolate_second_order_sw_true:  gputime=337.2  cputime=5.0 ] thread=[63, 0, 

_balance_deep_and_shallow:  gputime=22.0  cputime=4.0 ] thread=[39, 0, 

_interpolate_from_vertices_to_edges:  gputime=14.6  cputime=5.0 ] thread=[18, 0, 

_interpolate_from_vertices_to_edges:  gputime=14.0  cputime=4.0 ] thread=[18, 0, 

_interpolate_from_vertices_to_edges:  gputime=13.9  cputime=4.0 ] thread=[18, 0, 

evaluate_segment_reflective:  gputime=6.6  cputime=4.0 ] thread=[24, 0, 

evaluate_segment_reflective:  gputime=15.1  cputime=5.0 ] thread=[24, 0, 

set_boundary_values_from_edges:  gputime=5.7  cputime=4.0 ] thread=[11, 1, 

update_centroids_of_velocities_and_height:  gputime=18.2  cputime=4.0 ] thread=[19, 1, 

extrapolate_first_order:  gputime=16.7  cputime=4.0 ] thread=[16, 0, 

extrapolate_first_order:  gputime=16.3  cputime=4.0 ] thread=[16, 0, 

extrapolate_first_order:  gputime=16.7  cputime=5.0 ] thread=[16, 0, 

memset32_post:  gputime=6.0  cputime=4.0 ] thread=[6, 0, 

memset32_post:  gputime=5.5  cputime=3.0 ] thread=[6, 0, 

compute_fluxes_central_structure_CUDA:  gputime=381.2  cputime=5.0 ] thread=[63, 0, 

memcpyDtoHasync:  gputime=63.0  cputime=626.0 

gravity_wb:  gputime=112.4  cputime=6.0 46080] thread=[36, 0, 

memcpyDtoH:  gputime=368.5  cputime=887.0 

_manning_friction_flat:  gputime=5.7  cputime=9.0 ] thread=[26, 0, 

update:  gputime=25.6  cputime=5.0 ] thread=[22, 0, 

memset32_post:  gputime=6.0  cputime=4.0 ] thread=[6, 0, 

update:  gputime=25.2  cputime=5.0 ] thread=[22, 0, 

memset32_post:  gputime=5.7  cputime=3.0 ] thread=[6, 0, 

update:  gputime=24.9  cputime=4.0 ] thread=[22, 0, 

memset32_post:  gputime=5.7  cputime=4.0 ] thread=[6, 0, 

_protect_sw:  gputime=8.8  cputime=5.0 ] thread=[22, 0, 

extrapolate_velocity_second_order_true:  gputime=16.7  cputime=5.0 ] thread=[20, 0, 

extrapolate_second_order_sw_true:  gputime=342.3  cputime=4.0 ] thread=[63, 0, 

_balance_deep_and_shallow:  gputime=21.8  cputime=4.0 ] thread=[39, 0, 

_interpolate_from_vertices_to_edges:  gputime=14.3  cputime=4.0 ] thread=[18, 0, 

_interpolate_from_vertices_to_edges:  gputime=14.1  cputime=4.0 ] thread=[18, 0, 

_interpolate_from_vertices_to_edges:  gputime=14.2  cputime=4.0 ] thread=[18, 0, 

evaluate_segment_reflective:  gputime=6.6  cputime=5.0 ] thread=[24, 0, 

evaluate_segment_reflective:  gputime=15.2  cputime=5.0 ] thread=[24, 0, 

set_boundary_values_from_edges:  gputime=5.8  cputime=4.0 ] thread=[11, 1, 

update_centroids_of_velocities_and_height:  gputime=19.0  cputime=5.0 ] thread=[19, 1, 

extrapolate_first_order:  gputime=16.9  cputime=5.0 ] thread=[16, 0, 

extrapolate_first_order:  gputime=16.1  cputime=5.0 ] thread=[16, 0, 

extrapolate_first_order:  gputime=16.5  cputime=4.0 ] thread=[16, 0, 

memset32_post:  gputime=6.0  cputime=4.0 ] thread=[6, 0, 

memset32_post:  gputime=5.5  cputime=3.0 ] thread=[6, 0, 

compute_fluxes_central_structure_CUDA:  gputime=373.3  cputime=5.0 ] thread=[63, 0, 

memcpyDtoHasync:  gputime=63.4  cputime=635.0 

gravity_wb:  gputime=111.7  cputime=7.0 46080] thread=[36, 0, 

memcpyDtoH:  gputime=368.3  cputime=887.0 

_manning_friction_flat:  gputime=5.6  cputime=10.0 ] thread=[26, 0, 

update:  gputime=25.7  cputime=4.0 ] thread=[22, 0, 

memset32_post:  gputime=6.0  cputime=4.0 ] thread=[6, 0, 

update:  gputime=25.2  cputime=4.0 ] thread=[22, 0, 

memset32_post:  gputime=5.7  cputime=3.0 ] thread=[6, 0, 

update:  gputime=25.2  cputime=4.0 ] thread=[22, 0, 

memset32_post:  gputime=5.7  cputime=4.0 ] thread=[6, 0, 

_protect_sw:  gputime=9.1  cputime=4.0 ] thread=[22, 0, 

extrapolate_velocity_second_order_true:  gputime=17.2  cputime=4.0 ] thread=[20, 0, 

extrapolate_second_order_sw_true:  gputime=337.0  cputime=4.0 ] thread=[63, 0, 

_balance_deep_and_shallow:  gputime=22.1  cputime=4.0 ] thread=[39, 0, 

_interpolate_from_vertices_to_edges:  gputime=14.3  cputime=5.0 ] thread=[18, 0, 

_interpolate_from_vertices_to_edges:  gputime=14.1  cputime=4.0 ] thread=[18, 0, 

_interpolate_from_vertices_to_edges:  gputime=13.8  cputime=4.0 ] thread=[18, 0, 

evaluate_segment_reflective:  gputime=6.5  cputime=4.0 ] thread=[24, 0, 

evaluate_segment_reflective:  gputime=15.4  cputime=4.0 ] thread=[24, 0, 

set_boundary_values_from_edges:  gputime=5.5  cputime=5.0 ] thread=[11, 1, 

update_centroids_of_velocities_and_height:  gputime=17.8  cputime=4.0 ] thread=[19, 1, 

extrapolate_first_order:  gputime=16.1  cputime=4.0 ] thread=[16, 0, 

extrapolate_first_order:  gputime=16.4  cputime=4.0 ] thread=[16, 0, 

extrapolate_first_order:  gputime=15.9  cputime=4.0 ] thread=[16, 0, 

memset32_post:  gputime=6.0  cputime=3.0 ] thread=[6, 0, 

memset32_post:  gputime=5.5  cputime=4.0 ] thread=[6, 0, 

compute_fluxes_central_structure_CUDA:  gputime=384.2  cputime=5.0 ] thread=[63, 0, 

memcpyDtoHasync:  gputime=63.0  cputime=625.0 

gravity_wb:  gputime=114.9  cputime=6.0 46080] thread=[36, 0, 

memcpyDtoH:  gputime=373.3  cputime=920.0 

_manning_friction_flat:  gputime=5.7  cputime=10.0 ] thread=[26, 0, 

update:  gputime=26.3  cputime=5.0 ] thread=[22, 0, 

memset32_post:  gputime=6.0  cputime=4.0 ] thread=[6, 0, 

update:  gputime=25.3  cputime=4.0 ] thread=[22, 0, 

memset32_post:  gputime=5.7  cputime=3.0 ] thread=[6, 0, 

update:  gputime=25.2  cputime=4.0 ] thread=[22, 0, 

memset32_post:  gputime=5.6  cputime=4.0 ] thread=[6, 0, 

_protect_sw:  gputime=9.2  cputime=4.0 ] thread=[22, 0, 

extrapolate_velocity_second_order_true:  gputime=17.5  cputime=4.0 ] thread=[20, 0, 

extrapolate_second_order_sw_true:  gputime=346.2  cputime=5.0 ] thread=[63, 0, 

_balance_deep_and_shallow:  gputime=21.4  cputime=4.0 ] thread=[39, 0, 

_interpolate_from_vertices_to_edges:  gputime=14.2  cputime=5.0 ] thread=[18, 0, 

_interpolate_from_vertices_to_edges:  gputime=14.1  cputime=4.0 ] thread=[18, 0, 

_interpolate_from_vertices_to_edges:  gputime=14.2  cputime=4.0 ] thread=[18, 0, 

evaluate_segment_reflective:  gputime=6.5  cputime=5.0 ] thread=[24, 0, 

evaluate_segment_reflective:  gputime=15.0  cputime=5.0 ] thread=[24, 0, 

set_boundary_values_from_edges:  gputime=5.5  cputime=5.0 ] thread=[11, 1, 

update_centroids_of_velocities_and_height:  gputime=18.6  cputime=5.0 ] thread=[19, 1, 

extrapolate_first_order:  gputime=16.4  cputime=4.0 ] thread=[16, 0, 

extrapolate_first_order:  gputime=16.4  cputime=4.0 ] thread=[16, 0, 

extrapolate_first_order:  gputime=16.0  cputime=4.0 ] thread=[16, 0, 

memset32_post:  gputime=6.1  cputime=4.0 ] thread=[6, 0, 

memset32_post:  gputime=5.5  cputime=3.0 ] thread=[6, 0, 

compute_fluxes_central_structure_CUDA:  gputime=395.5  cputime=4.0 ] thread=[63, 0, 

memcpyDtoHasync:  gputime=63.0  cputime=649.0 

gravity_wb:  gputime=113.7  cputime=6.0 46080] thread=[36, 0, 

memcpyDtoH:  gputime=367.8  cputime=890.0 

_manning_friction_flat:  gputime=5.6  cputime=10.0 ] thread=[26, 0, 

update:  gputime=25.2  cputime=5.0 ] thread=[22, 0, 

memset32_post:  gputime=6.0  cputime=4.0 ] thread=[6, 0, 

update:  gputime=25.3  cputime=5.0 ] thread=[22, 0, 

memset32_post:  gputime=5.7  cputime=3.0 ] thread=[6, 0, 

update:  gputime=25.4  cputime=4.0 ] thread=[22, 0, 

memset32_post:  gputime=5.6  cputime=4.0 ] thread=[6, 0, 

_protect_sw:  gputime=8.9  cputime=5.0 ] thread=[22, 0, 

extrapolate_velocity_second_order_true:  gputime=17.4  cputime=5.0 ] thread=[20, 0, 

extrapolate_second_order_sw_true:  gputime=343.1  cputime=5.0 ] thread=[63, 0, 

_balance_deep_and_shallow:  gputime=21.7  cputime=5.0 ] thread=[39, 0, 

_interpolate_from_vertices_to_edges:  gputime=14.2  cputime=4.0 ] thread=[18, 0, 

_interpolate_from_vertices_to_edges:  gputime=14.1  cputime=4.0 ] thread=[18, 0, 

_interpolate_from_vertices_to_edges:  gputime=14.2  cputime=4.0 ] thread=[18, 0, 

evaluate_segment_reflective:  gputime=6.6  cputime=4.0 ] thread=[24, 0, 

evaluate_segment_reflective:  gputime=15.5  cputime=4.0 ] thread=[24, 0, 

set_boundary_values_from_edges:  gputime=5.6  cputime=5.0 ] thread=[11, 1, 

update_centroids_of_velocities_and_height:  gputime=18.1  cputime=4.0 ] thread=[19, 1, 

extrapolate_first_order:  gputime=16.6  cputime=4.0 ] thread=[16, 0, 

extrapolate_first_order:  gputime=16.3  cputime=4.0 ] thread=[16, 0, 

extrapolate_first_order:  gputime=16.1  cputime=4.0 ] thread=[16, 0, 

memset32_post:  gputime=6.0  cputime=4.0 ] thread=[6, 0, 

memset32_post:  gputime=5.5  cputime=4.0 ] thread=[6, 0, 

compute_fluxes_central_structure_CUDA:  gputime=382.0  cputime=5.0 ] thread=[63, 0, 

memcpyDtoHasync:  gputime=63.0  cputime=634.0 

gravity_wb:  gputime=113.3  cputime=7.0 46080] thread=[36, 0, 

memcpyDtoH:  gputime=368.5  cputime=887.0 

_manning_friction_flat:  gputime=5.5  cputime=10.0 ] thread=[26, 0, 

update:  gputime=25.9  cputime=4.0 ] thread=[22, 0, 

memset32_post:  gputime=6.0  cputime=4.0 ] thread=[6, 0, 

update:  gputime=25.2  cputime=4.0 ] thread=[22, 0, 

memset32_post:  gputime=5.6  cputime=3.0 ] thread=[6, 0, 

update:  gputime=25.2  cputime=4.0 ] thread=[22, 0, 

memset32_post:  gputime=5.6  cputime=3.0 ] thread=[6, 0, 

_protect_sw:  gputime=8.9  cputime=5.0 ] thread=[22, 0, 

extrapolate_velocity_second_order_true:  gputime=17.2  cputime=5.0 ] thread=[20, 0, 

extrapolate_second_order_sw_true:  gputime=339.9  cputime=5.0 ] thread=[63, 0, 

_balance_deep_and_shallow:  gputime=21.8  cputime=5.0 ] thread=[39, 0, 

_interpolate_from_vertices_to_edges:  gputime=14.2  cputime=4.0 ] thread=[18, 0, 

_interpolate_from_vertices_to_edges:  gputime=13.9  cputime=4.0 ] thread=[18, 0, 

_interpolate_from_vertices_to_edges:  gputime=14.2  cputime=4.0 ] thread=[18, 0, 

evaluate_segment_reflective:  gputime=6.5  cputime=4.0 ] thread=[24, 0, 

evaluate_segment_reflective:  gputime=15.0  cputime=4.0 ] thread=[24, 0, 

set_boundary_values_from_edges:  gputime=5.6  cputime=5.0 ] thread=[11, 1, 

update_centroids_of_velocities_and_height:  gputime=18.5  cputime=5.0 ] thread=[19, 1, 

extrapolate_first_order:  gputime=16.7  cputime=4.0 ] thread=[16, 0, 

extrapolate_first_order:  gputime=16.2  cputime=4.0 ] thread=[16, 0, 

extrapolate_first_order:  gputime=16.4  cputime=4.0 ] thread=[16, 0, 

memset32_post:  gputime=6.0  cputime=3.0 ] thread=[6, 0, 

memset32_post:  gputime=5.6  cputime=4.0 ] thread=[6, 0, 

compute_fluxes_central_structure_CUDA:  gputime=382.6  cputime=5.0 ] thread=[63, 0, 

memcpyDtoHasync:  gputime=63.0  cputime=625.0 

gravity_wb:  gputime=113.7  cputime=6.0 46080] thread=[36, 0, 

memcpyDtoH:  gputime=368.1  cputime=886.0 

_manning_friction_flat:  gputime=5.7  cputime=9.0 ] thread=[26, 0, 

update:  gputime=25.3  cputime=5.0 ] thread=[22, 0, 

memset32_post:  gputime=6.0  cputime=3.0 ] thread=[6, 0, 

update:  gputime=25.7  cputime=4.0 ] thread=[22, 0, 

memset32_post:  gputime=5.7  cputime=4.0 ] thread=[6, 0, 

update:  gputime=25.2  cputime=4.0 ] thread=[22, 0, 

memset32_post:  gputime=5.6  cputime=4.0 ] thread=[6, 0, 

_protect_sw:  gputime=9.1  cputime=4.0 ] thread=[22, 0, 

extrapolate_velocity_second_order_true:  gputime=17.6  cputime=4.0 ] thread=[20, 0, 

extrapolate_second_order_sw_true:  gputime=345.1  cputime=4.0 ] thread=[63, 0, 

_balance_deep_and_shallow:  gputime=21.7  cputime=5.0 ] thread=[39, 0, 

_interpolate_from_vertices_to_edges:  gputime=14.2  cputime=4.0 ] thread=[18, 0, 

_interpolate_from_vertices_to_edges:  gputime=14.1  cputime=4.0 ] thread=[18, 0, 

_interpolate_from_vertices_to_edges:  gputime=14.1  cputime=4.0 ] thread=[18, 0, 

evaluate_segment_reflective:  gputime=6.6  cputime=4.0 ] thread=[24, 0, 

evaluate_segment_reflective:  gputime=15.5  cputime=4.0 ] thread=[24, 0, 

set_boundary_values_from_edges:  gputime=5.5  cputime=5.0 ] thread=[11, 1, 

update_centroids_of_velocities_and_height:  gputime=18.1  cputime=4.0 ] thread=[19, 1, 

extrapolate_first_order:  gputime=17.1  cputime=4.0 ] thread=[16, 0, 

extrapolate_first_order:  gputime=16.4  cputime=4.0 ] thread=[16, 0, 

extrapolate_first_order:  gputime=17.2  cputime=4.0 ] thread=[16, 0, 

memset32_post:  gputime=6.0  cputime=3.0 ] thread=[6, 0, 

memset32_post:  gputime=5.5  cputime=4.0 ] thread=[6, 0, 

compute_fluxes_central_structure_CUDA:  gputime=374.0  cputime=5.0 ] thread=[63, 0, 

memcpyDtoHasync:  gputime=63.1  cputime=630.0 

gravity_wb:  gputime=113.9  cputime=7.0 46080] thread=[36, 0, 

memcpyDtoH:  gputime=369.7  cputime=884.0 

_manning_friction_flat:  gputime=5.3  cputime=9.0 ] thread=[26, 0, 

update:  gputime=25.6  cputime=5.0 ] thread=[22, 0, 

memset32_post:  gputime=6.0  cputime=4.0 ] thread=[6, 0, 

update:  gputime=25.1  cputime=4.0 ] thread=[22, 0, 

memset32_post:  gputime=5.7  cputime=3.0 ] thread=[6, 0, 

update:  gputime=25.3  cputime=4.0 ] thread=[22, 0, 

memset32_post:  gputime=5.7  cputime=4.0 ] thread=[6, 0, 

_protect_sw:  gputime=8.9  cputime=5.0 ] thread=[22, 0, 

extrapolate_velocity_second_order_true:  gputime=17.1  cputime=5.0 ] thread=[20, 0, 

extrapolate_second_order_sw_true:  gputime=346.3  cputime=5.0 ] thread=[63, 0, 

_balance_deep_and_shallow:  gputime=22.0  cputime=4.0 ] thread=[39, 0, 

_interpolate_from_vertices_to_edges:  gputime=14.4  cputime=5.0 ] thread=[18, 0, 

_interpolate_from_vertices_to_edges:  gputime=14.0  cputime=4.0 ] thread=[18, 0, 

_interpolate_from_vertices_to_edges:  gputime=14.0  cputime=4.0 ] thread=[18, 0, 

evaluate_segment_reflective:  gputime=6.5  cputime=4.0 ] thread=[24, 0, 

evaluate_segment_reflective:  gputime=15.3  cputime=4.0 ] thread=[24, 0, 

set_boundary_values_from_edges:  gputime=5.6  cputime=5.0 ] thread=[11, 1, 

update_centroids_of_velocities_and_height:  gputime=19.5  cputime=4.0 ] thread=[19, 1, 

extrapolate_first_order:  gputime=16.7  cputime=4.0 ] thread=[16, 0, 

extrapolate_first_order:  gputime=16.3  cputime=4.0 ] thread=[16, 0, 

extrapolate_first_order:  gputime=16.7  cputime=4.0 ] thread=[16, 0, 

memset32_post:  gputime=6.0  cputime=3.0 ] thread=[6, 0, 

memset32_post:  gputime=5.5  cputime=4.0 ] thread=[6, 0, 

compute_fluxes_central_structure_CUDA:  gputime=372.3  cputime=5.0 ] thread=[63, 0, 

memcpyDtoHasync:  gputime=63.0  cputime=628.0 

gravity_wb:  gputime=113.3  cputime=6.0 46080] thread=[36, 0, 

memcpyDtoH:  gputime=368.2  cputime=915.0 

_manning_friction_flat:  gputime=5.6  cputime=10.0 ] thread=[26, 0, 

update:  gputime=26.2  cputime=5.0 ] thread=[22, 0, 

memset32_post:  gputime=6.0  cputime=4.0 ] thread=[6, 0, 

update:  gputime=25.7  cputime=4.0 ] thread=[22, 0, 

memset32_post:  gputime=5.7  cputime=4.0 ] thread=[6, 0, 

update:  gputime=25.3  cputime=5.0 ] thread=[22, 0, 

memset32_post:  gputime=5.6  cputime=4.0 ] thread=[6, 0, 

_protect_sw:  gputime=9.0  cputime=5.0 ] thread=[22, 0, 

extrapolate_velocity_second_order_true:  gputime=16.7  cputime=4.0 ] thread=[20, 0, 

extrapolate_second_order_sw_true:  gputime=334.2  cputime=4.0 ] thread=[63, 0, 

_balance_deep_and_shallow:  gputime=21.3  cputime=4.0 ] thread=[39, 0, 

_interpolate_from_vertices_to_edges:  gputime=14.6  cputime=4.0 ] thread=[18, 0, 

_interpolate_from_vertices_to_edges:  gputime=14.1  cputime=4.0 ] thread=[18, 0, 

_interpolate_from_vertices_to_edges:  gputime=14.0  cputime=4.0 ] thread=[18, 0, 

evaluate_segment_reflective:  gputime=6.5  cputime=4.0 ] thread=[24, 0, 

evaluate_segment_reflective:  gputime=15.1  cputime=4.0 ] thread=[24, 0, 

set_boundary_values_from_edges:  gputime=5.7  cputime=4.0 ] thread=[11, 1, 

update_centroids_of_velocities_and_height:  gputime=18.3  cputime=4.0 ] thread=[19, 1, 

extrapolate_first_order:  gputime=16.3  cputime=4.0 ] thread=[16, 0, 

extrapolate_first_order:  gputime=16.3  cputime=5.0 ] thread=[16, 0, 

extrapolate_first_order:  gputime=15.9  cputime=4.0 ] thread=[16, 0, 

memset32_post:  gputime=6.0  cputime=4.0 ] thread=[6, 0, 

memset32_post:  gputime=5.5  cputime=3.0 ] thread=[6, 0, 

compute_fluxes_central_structure_CUDA:  gputime=384.0  cputime=5.0 ] thread=[63, 0, 

memcpyDtoHasync:  gputime=63.1  cputime=624.0 

gravity_wb:  gputime=115.0  cputime=7.0 46080] thread=[36, 0, 

memcpyDtoH:  gputime=368.1  cputime=887.0 

_manning_friction_flat:  gputime=5.6  cputime=9.0 ] thread=[26, 0, 

update:  gputime=25.9  cputime=5.0 ] thread=[22, 0, 

memset32_post:  gputime=6.0  cputime=4.0 ] thread=[6, 0, 

update:  gputime=25.1  cputime=4.0 ] thread=[22, 0, 

memset32_post:  gputime=5.7  cputime=3.0 ] thread=[6, 0, 

update:  gputime=25.1  cputime=4.0 ] thread=[22, 0, 

memset32_post:  gputime=5.7  cputime=4.0 ] thread=[6, 0, 

_protect_sw:  gputime=8.7  cputime=4.0 ] thread=[22, 0, 

extrapolate_velocity_second_order_true:  gputime=17.0  cputime=5.0 ] thread=[20, 0, 

extrapolate_second_order_sw_true:  gputime=342.6  cputime=4.0 ] thread=[63, 0, 

_balance_deep_and_shallow:  gputime=21.7  cputime=4.0 ] thread=[39, 0, 

_interpolate_from_vertices_to_edges:  gputime=14.3  cputime=5.0 ] thread=[18, 0, 

_interpolate_from_vertices_to_edges:  gputime=14.2  cputime=4.0 ] thread=[18, 0, 

_interpolate_from_vertices_to_edges:  gputime=14.1  cputime=4.0 ] thread=[18, 0, 

evaluate_segment_reflective:  gputime=6.5  cputime=4.0 ] thread=[24, 0, 

evaluate_segment_reflective:  gputime=15.2  cputime=4.0 ] thread=[24, 0, 

set_boundary_values_from_edges:  gputime=5.7  cputime=4.0 ] thread=[11, 1, 

update_centroids_of_velocities_and_height:  gputime=19.0  cputime=5.0 ] thread=[19, 1, 

extrapolate_first_order:  gputime=16.7  cputime=4.0 ] thread=[16, 0, 

extrapolate_first_order:  gputime=16.2  cputime=4.0 ] thread=[16, 0, 

extrapolate_first_order:  gputime=16.4  cputime=4.0 ] thread=[16, 0, 

memset32_post:  gputime=6.0  cputime=3.0 ] thread=[6, 0, 

memset32_post:  gputime=5.5  cputime=4.0 ] thread=[6, 0, 

compute_fluxes_central_structure_CUDA:  gputime=372.4  cputime=4.0 ] thread=[63, 0, 

memcpyDtoHasync:  gputime=63.0  cputime=623.0 

gravity_wb:  gputime=114.0  cputime=6.0 46080] thread=[36, 0, 

memcpyDtoH:  gputime=368.4  cputime=888.0 

_manning_friction_flat:  gputime=5.8  cputime=9.0 ] thread=[26, 0, 

update:  gputime=25.9  cputime=5.0 ] thread=[22, 0, 

memset32_post:  gputime=6.0  cputime=3.0 ] thread=[6, 0, 

update:  gputime=25.4  cputime=4.0 ] thread=[22, 0, 

memset32_post:  gputime=5.6  cputime=3.0 ] thread=[6, 0, 

update:  gputime=24.9  cputime=4.0 ] thread=[22, 0, 

memset32_post:  gputime=5.7  cputime=4.0 ] thread=[6, 0, 

_protect_sw:  gputime=9.0  cputime=5.0 ] thread=[22, 0, 

extrapolate_velocity_second_order_true:  gputime=16.7  cputime=5.0 ] thread=[20, 0, 

extrapolate_second_order_sw_true:  gputime=341.7  cputime=4.0 ] thread=[63, 0, 

_balance_deep_and_shallow:  gputime=21.5  cputime=4.0 ] thread=[39, 0, 

_interpolate_from_vertices_to_edges:  gputime=14.2  cputime=4.0 ] thread=[18, 0, 

_interpolate_from_vertices_to_edges:  gputime=14.1  cputime=4.0 ] thread=[18, 0, 

_interpolate_from_vertices_to_edges:  gputime=14.0  cputime=4.0 ] thread=[18, 0, 

evaluate_segment_reflective:  gputime=6.5  cputime=5.0 ] thread=[24, 0, 

evaluate_segment_reflective:  gputime=14.9  cputime=4.0 ] thread=[24, 0, 

set_boundary_values_from_edges:  gputime=5.7  cputime=4.0 ] thread=[11, 1, 

update_centroids_of_velocities_and_height:  gputime=18.4  cputime=4.0 ] thread=[19, 1, 

extrapolate_first_order:  gputime=16.4  cputime=4.0 ] thread=[16, 0, 

extrapolate_first_order:  gputime=16.2  cputime=4.0 ] thread=[16, 0, 

extrapolate_first_order:  gputime=16.3  cputime=4.0 ] thread=[16, 0, 

memset32_post:  gputime=6.0  cputime=4.0 ] thread=[6, 0, 

memset32_post:  gputime=5.5  cputime=3.0 ] thread=[6, 0, 

compute_fluxes_central_structure_CUDA:  gputime=379.2  cputime=5.0 ] thread=[63, 0, 

memcpyDtoHasync:  gputime=63.3  cputime=642.0 

gravity_wb:  gputime=114.4  cputime=7.0 46080] thread=[36, 0, 

memcpyDtoH:  gputime=368.8  cputime=894.0 

_manning_friction_flat:  gputime=5.7  cputime=9.0 ] thread=[26, 0, 

update:  gputime=25.2  cputime=5.0 ] thread=[22, 0, 

memset32_post:  gputime=6.0  cputime=3.0 ] thread=[6, 0, 

update:  gputime=25.4  cputime=4.0 ] thread=[22, 0, 

memset32_post:  gputime=5.7  cputime=3.0 ] thread=[6, 0, 

update:  gputime=25.5  cputime=4.0 ] thread=[22, 0, 

memset32_post:  gputime=5.6  cputime=3.0 ] thread=[6, 0, 

_protect_sw:  gputime=9.3  cputime=5.0 ] thread=[22, 0, 

extrapolate_velocity_second_order_true:  gputime=17.5  cputime=5.0 ] thread=[20, 0, 

extrapolate_second_order_sw_true:  gputime=339.2  cputime=5.0 ] thread=[63, 0, 

_balance_deep_and_shallow:  gputime=21.9  cputime=4.0 ] thread=[39, 0, 

_interpolate_from_vertices_to_edges:  gputime=14.0  cputime=5.0 ] thread=[18, 0, 

_interpolate_from_vertices_to_edges:  gputime=14.3  cputime=4.0 ] thread=[18, 0, 

_interpolate_from_vertices_to_edges:  gputime=14.2  cputime=4.0 ] thread=[18, 0, 

evaluate_segment_reflective:  gputime=6.7  cputime=4.0 ] thread=[24, 0, 

evaluate_segment_reflective:  gputime=15.1  cputime=4.0 ] thread=[24, 0, 

set_boundary_values_from_edges:  gputime=5.6  cputime=4.0 ] thread=[11, 1, 

update_centroids_of_velocities_and_height:  gputime=18.0  cputime=4.0 ] thread=[19, 1, 

extrapolate_first_order:  gputime=16.6  cputime=5.0 ] thread=[16, 0, 

extrapolate_first_order:  gputime=16.3  cputime=4.0 ] thread=[16, 0, 

extrapolate_first_order:  gputime=16.4  cputime=4.0 ] thread=[16, 0, 

memset32_post:  gputime=6.0  cputime=3.0 ] thread=[6, 0, 

memset32_post:  gputime=5.5  cputime=3.0 ] thread=[6, 0, 

compute_fluxes_central_structure_CUDA:  gputime=379.6  cputime=4.0 ] thread=[63, 0, 

memcpyDtoHasync:  gputime=63.1  cputime=627.0 

gravity_wb:  gputime=114.1  cputime=7.0 46080] thread=[36, 0, 

memcpyDtoH:  gputime=372.8  cputime=922.0 

_manning_friction_flat:  gputime=5.6  cputime=10.0 ] thread=[26, 0, 

update:  gputime=26.2  cputime=5.0 ] thread=[22, 0, 

memset32_post:  gputime=6.0  cputime=4.0 ] thread=[6, 0, 

update:  gputime=25.2  cputime=4.0 ] thread=[22, 0, 

memset32_post:  gputime=5.6  cputime=3.0 ] thread=[6, 0, 

update:  gputime=25.1  cputime=4.0 ] thread=[22, 0, 

memset32_post:  gputime=5.6  cputime=4.0 ] thread=[6, 0, 

_protect_sw:  gputime=8.8  cputime=5.0 ] thread=[22, 0, 

extrapolate_velocity_second_order_true:  gputime=16.6  cputime=5.0 ] thread=[20, 0, 

extrapolate_second_order_sw_true:  gputime=341.8  cputime=4.0 ] thread=[63, 0, 

_balance_deep_and_shallow:  gputime=21.6  cputime=4.0 ] thread=[39, 0, 

_interpolate_from_vertices_to_edges:  gputime=14.2  cputime=4.0 ] thread=[18, 0, 

_interpolate_from_vertices_to_edges:  gputime=13.9  cputime=4.0 ] thread=[18, 0, 

_interpolate_from_vertices_to_edges:  gputime=13.6  cputime=4.0 ] thread=[18, 0, 

evaluate_segment_reflective:  gputime=6.6  cputime=4.0 ] thread=[24, 0, 

evaluate_segment_reflective:  gputime=15.4  cputime=4.0 ] thread=[24, 0, 

set_boundary_values_from_edges:  gputime=5.6  cputime=4.0 ] thread=[11, 1, 

update_centroids_of_velocities_and_height:  gputime=18.3  cputime=4.0 ] thread=[19, 1, 

extrapolate_first_order:  gputime=16.4  cputime=4.0 ] thread=[16, 0, 

extrapolate_first_order:  gputime=16.1  cputime=5.0 ] thread=[16, 0, 

extrapolate_first_order:  gputime=16.2  cputime=4.0 ] thread=[16, 0, 

memset32_post:  gputime=6.2  cputime=4.0 ] thread=[6, 0, 

memset32_post:  gputime=5.5  cputime=3.0 ] thread=[6, 0, 

compute_fluxes_central_structure_CUDA:  gputime=385.0  cputime=4.0 ] thread=[63, 0, 

memcpyDtoHasync:  gputime=63.0  cputime=633.0 

gravity_wb:  gputime=113.3  cputime=6.0 46080] thread=[36, 0, 

memcpyDtoH:  gputime=368.4  cputime=887.0 

_manning_friction_flat:  gputime=5.5  cputime=10.0 ] thread=[26, 0, 

update:  gputime=25.7  cputime=5.0 ] thread=[22, 0, 

memset32_post:  gputime=6.0  cputime=4.0 ] thread=[6, 0, 

update:  gputime=25.0  cputime=4.0 ] thread=[22, 0, 

memset32_post:  gputime=5.6  cputime=4.0 ] thread=[6, 0, 

update:  gputime=25.1  cputime=5.0 ] thread=[22, 0, 

memset32_post:  gputime=5.6  cputime=3.0 ] thread=[6, 0, 

_protect_sw:  gputime=9.4  cputime=4.0 ] thread=[22, 0, 

extrapolate_velocity_second_order_true:  gputime=17.5  cputime=4.0 ] thread=[20, 0, 

extrapolate_second_order_sw_true:  gputime=346.8  cputime=5.0 ] thread=[63, 0, 

_balance_deep_and_shallow:  gputime=21.6  cputime=4.0 ] thread=[39, 0, 

_interpolate_from_vertices_to_edges:  gputime=14.4  cputime=4.0 ] thread=[18, 0, 

_interpolate_from_vertices_to_edges:  gputime=14.2  cputime=5.0 ] thread=[18, 0, 

_interpolate_from_vertices_to_edges:  gputime=14.1  cputime=4.0 ] thread=[18, 0, 

evaluate_segment_reflective:  gputime=6.6  cputime=4.0 ] thread=[24, 0, 

evaluate_segment_reflective:  gputime=15.1  cputime=4.0 ] thread=[24, 0, 

set_boundary_values_from_edges:  gputime=5.8  cputime=4.0 ] thread=[11, 1, 

update_centroids_of_velocities_and_height:  gputime=17.3  cputime=5.0 ] thread=[19, 1, 

extrapolate_first_order:  gputime=16.5  cputime=4.0 ] thread=[16, 0, 

extrapolate_first_order:  gputime=16.2  cputime=4.0 ] thread=[16, 0, 

extrapolate_first_order:  gputime=16.0  cputime=4.0 ] thread=[16, 0, 

memset32_post:  gputime=6.0  cputime=3.0 ] thread=[6, 0, 

memset32_post:  gputime=5.5  cputime=3.0 ] thread=[6, 0, 

compute_fluxes_central_structure_CUDA:  gputime=380.6  cputime=5.0 ] thread=[63, 0, 

memcpyDtoHasync:  gputime=63.0  cputime=634.0 

gravity_wb:  gputime=114.9  cputime=7.0 46080] thread=[36, 0, 

memcpyDtoH:  gputime=368.1  cputime=889.0 

_manning_friction_flat:  gputime=5.6  cputime=9.0 ] thread=[26, 0, 

update:  gputime=26.0  cputime=5.0 ] thread=[22, 0, 

memset32_post:  gputime=6.0  cputime=4.0 ] thread=[6, 0, 

update:  gputime=24.9  cputime=5.0 ] thread=[22, 0, 

memset32_post:  gputime=5.7  cputime=3.0 ] thread=[6, 0, 

update:  gputime=25.3  cputime=4.0 ] thread=[22, 0, 

memset32_post:  gputime=5.6  cputime=4.0 ] thread=[6, 0, 

_protect_sw:  gputime=8.8  cputime=5.0 ] thread=[22, 0, 

extrapolate_velocity_second_order_true:  gputime=17.2  cputime=4.0 ] thread=[20, 0, 

extrapolate_second_order_sw_true:  gputime=340.0  cputime=4.0 ] thread=[63, 0, 

_balance_deep_and_shallow:  gputime=21.6  cputime=4.0 ] thread=[39, 0, 

_interpolate_from_vertices_to_edges:  gputime=14.7  cputime=4.0 ] thread=[18, 0, 

_interpolate_from_vertices_to_edges:  gputime=14.2  cputime=4.0 ] thread=[18, 0, 

_interpolate_from_vertices_to_edges:  gputime=14.0  cputime=4.0 ] thread=[18, 0, 

evaluate_segment_reflective:  gputime=6.6  cputime=4.0 ] thread=[24, 0, 

evaluate_segment_reflective:  gputime=15.1  cputime=4.0 ] thread=[24, 0, 

set_boundary_values_from_edges:  gputime=5.7  cputime=4.0 ] thread=[11, 1, 

update_centroids_of_velocities_and_height:  gputime=17.5  cputime=4.0 ] thread=[19, 1, 

extrapolate_first_order:  gputime=16.5  cputime=5.0 ] thread=[16, 0, 

extrapolate_first_order:  gputime=16.2  cputime=5.0 ] thread=[16, 0, 

extrapolate_first_order:  gputime=15.6  cputime=4.0 ] thread=[16, 0, 

memset32_post:  gputime=6.0  cputime=4.0 ] thread=[6, 0, 

memset32_post:  gputime=5.5  cputime=3.0 ] thread=[6, 0, 

compute_fluxes_central_structure_CUDA:  gputime=381.5  cputime=5.0 ] thread=[63, 0, 

memcpyDtoHasync:  gputime=63.0  cputime=613.0 

gravity_wb:  gputime=113.3  cputime=6.0 46080] thread=[36, 0, 

memcpyDtoH:  gputime=368.8  cputime=880.0 

_manning_friction_flat:  gputime=5.7  cputime=10.0 ] thread=[26, 0, 

update:  gputime=25.9  cputime=5.0 ] thread=[22, 0, 

memset32_post:  gputime=6.1  cputime=4.0 ] thread=[6, 0, 

update:  gputime=24.3  cputime=4.0 ] thread=[22, 0, 

memset32_post:  gputime=5.6  cputime=4.0 ] thread=[6, 0, 

update:  gputime=25.0  cputime=4.0 ] thread=[22, 0, 

memset32_post:  gputime=5.6  cputime=3.0 ] thread=[6, 0, 

_protect_sw:  gputime=8.6  cputime=5.0 ] thread=[22, 0, 

extrapolate_velocity_second_order_true:  gputime=17.0  cputime=5.0 ] thread=[20, 0, 

extrapolate_second_order_sw_true:  gputime=338.8  cputime=4.0 ] thread=[63, 0, 

_balance_deep_and_shallow:  gputime=21.5  cputime=5.0 ] thread=[39, 0, 

_interpolate_from_vertices_to_edges:  gputime=14.2  cputime=4.0 ] thread=[18, 0, 

_interpolate_from_vertices_to_edges:  gputime=14.2  cputime=4.0 ] thread=[18, 0, 

_interpolate_from_vertices_to_edges:  gputime=14.3  cputime=4.0 ] thread=[18, 0, 

evaluate_segment_reflective:  gputime=6.7  cputime=4.0 ] thread=[24, 0, 

evaluate_segment_reflective:  gputime=15.1  cputime=5.0 ] thread=[24, 0, 

set_boundary_values_from_edges:  gputime=5.5  cputime=5.0 ] thread=[11, 1, 

update_centroids_of_velocities_and_height:  gputime=18.6  cputime=4.0 ] thread=[19, 1, 

extrapolate_first_order:  gputime=16.5  cputime=4.0 ] thread=[16, 0, 

extrapolate_first_order:  gputime=16.2  cputime=5.0 ] thread=[16, 0, 

extrapolate_first_order:  gputime=16.0  cputime=4.0 ] thread=[16, 0, 

memset32_post:  gputime=6.0  cputime=3.0 ] thread=[6, 0, 

memset32_post:  gputime=5.5  cputime=4.0 ] thread=[6, 0, 
