# CUDA_PROFILE_LOG_VERSION 2.0
# CUDA_DEVICE 0 GeForce GTX 295
# CUDA_CONTEXT 1
# TIMESTAMPFACTOR fffff6a2c8f96680
method,gputime,cputime,occupancy
method=[ memcpyHtoD ] gputime=[ 4.640 ] cputime=[ 15.000 ] 
method=[ memcpyHtoD ] gputime=[ 250.208 ] cputime=[ 91.000 ] 
method=[ memcpyHtoD ] gputime=[ 743.840 ] cputime=[ 348.000 ] 
method=[ memcpyHtoD ] gputime=[ 739.424 ] cputime=[ 364.000 ] 
method=[ memcpyHtoD ] gputime=[ 1606.784 ] cputime=[ 762.000 ] 
method=[ memcpyHtoD ] gputime=[ 739.392 ] cputime=[ 346.000 ] 
method=[ memcpyHtoD ] gputime=[ 250.240 ] cputime=[ 109.000 ] 
method=[ memcpyHtoD ] gputime=[ 250.368 ] cputime=[ 111.000 ] 
method=[ memcpyHtoD ] gputime=[ 250.464 ] cputime=[ 110.000 ] 
method=[ memcpyHtoD ] gputime=[ 737.184 ] cputime=[ 306.000 ] 
method=[ memcpyHtoD ] gputime=[ 744.416 ] cputime=[ 289.000 ] 
method=[ memcpyHtoD ] gputime=[ 738.304 ] cputime=[ 291.000 ] 
method=[ memcpyHtoD ] gputime=[ 743.744 ] cputime=[ 277.000 ] 
method=[ memcpyHtoD ] gputime=[ 7.648 ] cputime=[ 7.000 ] 
method=[ memcpyHtoD ] gputime=[ 7.712 ] cputime=[ 7.000 ] 
method=[ memcpyHtoD ] gputime=[ 7.776 ] cputime=[ 7.000 ] 
method=[ memcpyHtoD ] gputime=[ 252.288 ] cputime=[ 95.000 ] 
method=[ memcpyHtoD ] gputime=[ 250.336 ] cputime=[ 99.000 ] 
method=[ memcpyHtoD ] gputime=[ 251.904 ] cputime=[ 96.000 ] 
method=[ memcpyHtoD ] gputime=[ 737.152 ] cputime=[ 279.000 ] 
method=[ memcpyHtoD ] gputime=[ 252.096 ] cputime=[ 98.000 ] 
method=[ compute_fluxes_central_structure_CUDA ] gputime=[ 1301.536 ] cputime=[ 15.000 ] occupancy=[ 0.094 ] 
method=[ memcpyDtoH ] gputime=[ 4.160 ] cputime=[ 20.000 ] 
method=[ memcpyDtoH ] gputime=[ 93.568 ] cputime=[ 202.000 ] 
method=[ memcpyDtoH ] gputime=[ 93.696 ] cputime=[ 203.000 ] 
method=[ memcpyDtoH ] gputime=[ 93.376 ] cputime=[ 200.000 ] 
method=[ memcpyDtoH ] gputime=[ 93.760 ] cputime=[ 201.000 ] 
method=[ memcpyDtoH ] gputime=[ 269.280 ] cputime=[ 692.000 ] 
method=[ memcpyDtoH ] gputime=[ 93.856 ] cputime=[ 245.000 ] 
